<?xml version="1.0" encoding="UTF-8"?>
<!-- Generated by org.testng.reporters.JUnitReportReporter -->
<testsuite skipped="0" hostname="LAPTOP-ENTNF9ES" name="maven.big.test.WriteFile" tests="1" failures="0" timestamp="2023-04-26T14:31:10 IST" time="1.416" errors="0">
  <testcase name="fileWrites" time="1.416" classname="maven.big.test.WriteFile"/>
  <system-out/>
</testsuite> <!-- maven.big.test.WriteFile -->
