<?xml version="1.0" encoding="UTF-8"?>
<!-- Generated by org.testng.reporters.JUnitReportReporter -->
<testsuite skipped="0" hostname="LAPTOP-ENTNF9ES" name="maven.big.test.DataProvideDemo" tests="1" failures="0" timestamp="2023-03-18T20:52:56 IST" time="0.000" errors="0">
  <testcase name="login" time="0.000" classname="maven.big.test.DataProvideDemo"/>
  <system-out/>
</testsuite> <!-- maven.big.test.DataProvideDemo -->
