<?xml version="1.0" encoding="UTF-8"?>
<!-- Generated by org.testng.reporters.JUnitReportReporter -->
<testsuite skipped="0" hostname="LAPTOP-ENTNF9ES" name="com.parallelTest.CrossBrowserTesting" tests="2" failures="0" timestamp="2023-04-27T15:00:36 IST" time="26.196" errors="0">
  <testcase name="loginTest" time="10.675" classname="com.parallelTest.CrossBrowserTesting"/>
  <system-out/>
  <testcase name="loginTest" time="15.521" classname="com.parallelTest.CrossBrowserTesting"/>
  <system-out/>
</testsuite> <!-- com.parallelTest.CrossBrowserTesting -->
