<?xml version="1.0" encoding="UTF-8"?>
<!-- Generated by org.testng.reporters.JUnitReportReporter -->
<testsuite skipped="3" hostname="LAPTOP-ENTNF9ES" name="maven.big.test.NewTest4" tests="3" failures="0" timestamp="2023-03-18T14:16:27 IST" time="0.028" errors="0">
  <testcase name="test3" time="0.025" classname="maven.big.test.NewTest4">
    <skipped/>
  </testcase> <!-- test3 -->
  <system-out/>
  <testcase name="test2" time="0.003" classname="maven.big.test.NewTest4">
    <skipped/>
  </testcase> <!-- test2 -->
  <system-out/>
  <testcase name="Test1" classname="maven.big.test.NewTest4">
    <skipped/>
  </testcase> <!-- Test1 -->
  <system-out/>
</testsuite> <!-- maven.big.test.NewTest4 -->
