<?xml version="1.0" encoding="UTF-8"?>
<!-- Generated by org.testng.reporters.JUnitReportReporter -->
<testsuite skipped="0" hostname="LAPTOP-ENTNF9ES" name="com.parallelTest.DownloadTest" tests="1" failures="0" timestamp="2023-04-26T23:31:10 IST" time="16.876" errors="0">
  <testcase name="dowload" time="16.876" classname="com.parallelTest.DownloadTest"/>
  <system-out/>
</testsuite> <!-- com.parallelTest.DownloadTest -->
