<?xml version="1.0" encoding="UTF-8"?>
<!-- Generated by org.testng.reporters.JUnitReportReporter -->
<testsuite skipped="0" hostname="LAPTOP-ENTNF9ES" name="maven.big.test.Parallel2" tests="3" failures="0" timestamp="2023-04-07T10:18:44 IST" time="0.023" errors="0">
  <testcase name="test92" time="0.001" classname="maven.big.test.Parallel2"/>
  <system-out/>
  <testcase name="test93" time="0.014" classname="maven.big.test.Parallel2"/>
  <system-out/>
  <testcase name="test91" time="0.008" classname="maven.big.test.Parallel2"/>
  <system-out/>
</testsuite> <!-- maven.big.test.Parallel2 -->
