<?xml version="1.0" encoding="UTF-8"?>
<!-- Generated by org.testng.reporters.JUnitReportReporter -->
<testsuite skipped="0" hostname="LAPTOP-ENTNF9ES" name="maven.big.test.ExcelReasdDemo" tests="1" failures="0" timestamp="2023-04-29T15:01:42 IST" time="0.666" errors="0">
  <testcase name="excelRead" time="0.666" classname="maven.big.test.ExcelReasdDemo"/>
  <system-out/>
</testsuite> <!-- maven.big.test.ExcelReasdDemo -->
