<?xml version="1.0" encoding="UTF-8"?>
<!-- Generated by org.testng.reporters.JUnitReportReporter -->
<testsuite skipped="0" hostname="LAPTOP-ENTNF9ES" name="maven.big.test.NewTest5" tests="1" failures="0" timestamp="2023-03-14T16:27:42 IST" time="0.016" errors="0">
  <testcase name="tetsFirstClass" time="0.016" classname="maven.big.test.NewTest5"/>
  <system-out/>
</testsuite> <!-- maven.big.test.NewTest5 -->
