<?xml version="1.0" encoding="UTF-8"?>
<!-- Generated by org.testng.reporters.JUnitReportReporter -->
<testsuite skipped="0" hostname="LAPTOP-ENTNF9ES" name="maven.big.test.ExcelWriteDemo" tests="1" failures="0" timestamp="2023-04-21T11:28:42 IST" time="0.800" errors="0">
  <testcase name="excelWrite" time="0.800" classname="maven.big.test.ExcelWriteDemo"/>
  <system-out/>
</testsuite> <!-- maven.big.test.ExcelWriteDemo -->
