<?xml version="1.0" encoding="UTF-8"?>
<!-- Generated by org.testng.reporters.JUnitReportReporter -->
<testsuite skipped="0" hostname="LAPTOP-ENTNF9ES" name="com.parallelTest.DesiredCapability" tests="1" failures="0" timestamp="2023-05-02T20:01:47 IST" time="4.648" errors="0">
  <testcase name="testDesiredCapability" time="4.648" classname="com.parallelTest.DesiredCapability"/>
  <system-out/>
</testsuite> <!-- com.parallelTest.DesiredCapability -->
