<?xml version="1.0" encoding="UTF-8"?>
<!-- Generated by org.testng.reporters.JUnitReportReporter -->
<testsuite skipped="0" hostname="LAPTOP-ENTNF9ES" name="maven.big.test.AssertionDemo2" tests="1" failures="0" timestamp="2023-03-26T18:56:13 IST" time="0.006" errors="0">
  <testcase name="test10" time="0.006" classname="maven.big.test.AssertionDemo2"/>
  <system-out/>
</testsuite> <!-- maven.big.test.AssertionDemo2 -->
