<?xml version="1.0" encoding="UTF-8"?>
<!-- Generated by org.testng.reporters.JUnitReportReporter -->
<testsuite skipped="0" hostname="LAPTOP-ENTNF9ES" name="maven.big.test.ReadFile" tests="1" failures="0" timestamp="2023-04-25T11:31:49 IST" time="0.781" errors="0">
  <testcase name="readFile" time="0.781" classname="maven.big.test.ReadFile"/>
  <system-out/>
</testsuite> <!-- maven.big.test.ReadFile -->
