<?xml version="1.0" encoding="UTF-8"?>
<!-- Generated by org.testng.reporters.JUnitReportReporter -->
<testsuite skipped="0" hostname="LAPTOP-ENTNF9ES" name="com.parallelTest.WindowHandleTest" tests="1" failures="0" timestamp="2023-05-18T17:34:56 IST" time="17.930" errors="0">
  <testcase name="windoHnadleTest" time="17.930" classname="com.parallelTest.WindowHandleTest"/>
  <system-out/>
</testsuite> <!-- com.parallelTest.WindowHandleTest -->
