<?xml version="1.0" encoding="UTF-8"?>
<!-- Generated by org.testng.reporters.JUnitReportReporter -->
<testsuite skipped="0" hostname="LAPTOP-ENTNF9ES" name="com.parallelTest.Firefox" tests="1" failures="0" timestamp="2023-04-26T19:43:36 IST" time="0.012" errors="0">
  <testcase name="start" time="0.012" classname="com.parallelTest.Firefox"/>
  <system-out/>
</testsuite> <!-- com.parallelTest.Firefox -->
