<?xml version="1.0" encoding="UTF-8"?>
<!-- Generated by org.testng.reporters.JUnitReportReporter -->
<testsuite skipped="1" hostname="LAPTOP-ENTNF9ES" name="maven.big.test.Parameterisation" tests="2" failures="0" timestamp="2023-03-25T20:43:41 IST" time="0.000" errors="0">
  <testcase name="tetsFirstClass" time="0.000" classname="maven.big.test.Parameterisation"/>
  <system-out/>
  <testcase name="testSecondCase" classname="maven.big.test.Parameterisation">
    <skipped/>
  </testcase> <!-- testSecondCase -->
  <system-out/>
</testsuite> <!-- maven.big.test.Parameterisation -->
