<?xml version="1.0" encoding="UTF-8"?>
<!-- Generated by org.testng.reporters.JUnitReportReporter -->
<testsuite skipped="0" hostname="LAPTOP-ENTNF9ES" name="com.parallelTest.WebTableDemo" tests="1" failures="0" timestamp="2023-05-02T14:19:55 IST" time="12.718" errors="0">
  <testcase name="maxData" time="12.718" classname="com.parallelTest.WebTableDemo"/>
  <system-out/>
</testsuite> <!-- com.parallelTest.WebTableDemo -->
